# JRE version: Java(TM) SE Runtime Environment (8.0_25-b17) (build 1.8.0_25-b17)
# Java VM: Java HotSpot(TM) 64-Bit Server VM (25.25-b02 mixed mode bsd-amd64 compressed oops)
Heap:
 PSYoungGen      total 273920K, used 152886K [0x000000076ab00000, 0x000000077ca00000, 0x00000007c0000000)
  eden space 260096K, 58% used [0x000000076ab00000,0x000000077404da68,0x000000077a900000)
  from space 13824K, 0% used [0x000000077b880000,0x000000077b880000,0x000000077c600000)
  to   space 15872K, 0% used [0x000000077a900000,0x000000077a900000,0x000000077b880000)
 ParOldGen       total 85504K, used 13441K [0x00000006c0000000, 0x00000006c5380000, 0x000000076ab00000)
  object space 85504K, 15% used [0x00000006c0000000,0x00000006c0d204d0,0x00000006c5380000)
 Metaspace       used 21762K, capacity 22464K, committed 22656K, reserved 1069056K
  class space    used 2779K, capacity 2904K, committed 2944K, reserved 1048576K
GC Heap History (10 events):
Event: 1.745 GC heap before
{Heap before GC invocations=3 (full 0):
 PSYoungGen      total 76288K, used 70915K [0x000000076ab00000, 0x0000000774000000, 0x00000007c0000000)
  eden space 65536K, 99% used [0x000000076ab00000,0x000000076eaf3d08,0x000000076eb00000)
  from space 10752K, 50% used [0x000000076f580000,0x000000076facd1a8,0x0000000770000000)
  to   space 10752K, 0% used [0x000000076eb00000,0x000000076eb00000,0x000000076f580000)
 ParOldGen       total 175104K, used 32K [0x00000006c0000000, 0x00000006cab00000, 0x000000076ab00000)
  object space 175104K, 0% used [0x00000006c0000000,0x00000006c0008000,0x00000006cab00000)
 Metaspace       used 16800K, capacity 17302K, committed 17536K, reserved 1064960K
  class space    used 2250K, capacity 2339K, committed 2432K, reserved 1048576K
Event: 1.748 GC heap after
Heap after GC invocations=3 (full 0):
 PSYoungGen      total 76288K, used 5480K [0x000000076ab00000, 0x0000000774000000, 0x00000007c0000000)
  eden space 65536K, 0% used [0x000000076ab00000,0x000000076ab00000,0x000000076eb00000)
  from space 10752K, 50% used [0x000000076eb00000,0x000000076f05a098,0x000000076f580000)
  to   space 10752K, 0% used [0x0000000773580000,0x0000000773580000,0x0000000774000000)
 ParOldGen       total 175104K, used 40K [0x00000006c0000000, 0x00000006cab00000, 0x000000076ab00000)
  object space 175104K, 0% used [0x00000006c0000000,0x00000006c000a000,0x00000006cab00000)
 Metaspace       used 16800K, capacity 17302K, committed 17536K, reserved 1064960K
  class space    used 2250K, capacity 2339K, committed 2432K, reserved 1048576K
}
Event: 1.758 GC heap before
{Heap before GC invocations=4 (full 0):
 PSYoungGen      total 76288K, used 70847K [0x000000076ab00000, 0x0000000774000000, 0x00000007c0000000)
  eden space 65536K, 99% used [0x000000076ab00000,0x000000076ead5d88,0x000000076eb00000)
  from space 10752K, 50% used [0x000000076eb00000,0x000000076f05a098,0x000000076f580000)
  to   space 10752K, 0% used [0x0000000773580000,0x0000000773580000,0x0000000774000000)
 ParOldGen       total 175104K, used 40K [0x00000006c0000000, 0x00000006cab00000, 0x000000076ab00000)
  object space 175104K, 0% used [0x00000006c0000000,0x00000006c000a000,0x00000006cab00000)
 Metaspace       used 16801K, capacity 17302K, committed 17536K, reserved 1064960K
  class space    used 2250K, capacity 2339K, committed 2432K, reserved 1048576K
Event: 1.764 GC heap after
Heap after GC invocations=4 (full 0):
 PSYoungGen      total 141824K, used 5558K [0x000000076ab00000, 0x0000000774000000, 0x00000007c0000000)
  eden space 131072K, 0% used [0x000000076ab00000,0x000000076ab00000,0x0000000772b00000)
  from space 10752K, 51% used [0x0000000773580000,0x0000000773aed838,0x0000000774000000)
  to   space 10752K, 0% used [0x0000000772b00000,0x0000000772b00000,0x0000000773580000)
 ParOldGen       total 175104K, used 48K [0x00000006c0000000, 0x00000006cab00000, 0x000000076ab00000)
  object space 175104K, 0% used [0x00000006c0000000,0x00000006c000c000,0x00000006cab00000)
 Metaspace       used 16801K, capacity 17302K, committed 17536K, reserved 1064960K
  class space    used 2250K, capacity 2339K, committed 2432K, reserved 1048576K
}
Event: 18.539 GC heap before
{Heap before GC invocations=5 (full 0):
 PSYoungGen      total 141824K, used 136630K [0x000000076ab00000, 0x0000000774000000, 0x00000007c0000000)
  eden space 131072K, 100% used [0x000000076ab00000,0x0000000772b00000,0x0000000772b00000)
  from space 10752K, 51% used [0x0000000773580000,0x0000000773aed838,0x0000000774000000)
  to   space 10752K, 0% used [0x0000000772b00000,0x0000000772b00000,0x0000000773580000)
 ParOldGen       total 175104K, used 48K [0x00000006c0000000, 0x00000006cab00000, 0x000000076ab00000)
  object space 175104K, 0% used [0x00000006c0000000,0x00000006c000c000,0x00000006cab00000)
 Metaspace       used 19782K, capacity 20456K, committed 20736K, reserved 1067008K
  class space    used 2587K, capacity 2742K, committed 2816K, reserved 1048576K
Event: 18.550 GC heap after
Heap after GC invocations=5 (full 0):
 PSYoungGen      total 141824K, used 10731K [0x000000076ab00000, 0x000000077c600000, 0x00000007c0000000)
  eden space 131072K, 0% used [0x000000076ab00000,0x000000076ab00000,0x0000000772b00000)
  from space 10752K, 99% used [0x0000000772b00000,0x000000077357ad20,0x0000000773580000)
  to   space 13824K, 0% used [0x000000077b880000,0x000000077b880000,0x000000077c600000)
 ParOldGen       total 175104K, used 5556K [0x00000006c0000000, 0x00000006cab00000, 0x000000076ab00000)
  object space 175104K, 3% used [0x00000006c0000000,0x00000006c056d1c8,0x00000006cab00000)
 Metaspace       used 19782K, capacity 20456K, committed 20736K, reserved 1067008K
  class space    used 2587K, capacity 2742K, committed 2816K, reserved 1048576K
}
Event: 23.357 GC heap before
{Heap before GC invocations=6 (full 0):
 PSYoungGen      total 141824K, used 39577K [0x000000076ab00000, 0x000000077c600000, 0x00000007c0000000)
  eden space 131072K, 22% used [0x000000076ab00000,0x000000076c72b848,0x0000000772b00000)
  from space 10752K, 99% used [0x0000000772b00000,0x000000077357ad20,0x0000000773580000)
  to   space 13824K, 0% used [0x000000077b880000,0x000000077b880000,0x000000077c600000)
 ParOldGen       total 175104K, used 5556K [0x00000006c0000000, 0x00000006cab00000, 0x000000076ab00000)
  object space 175104K, 3% used [0x00000006c0000000,0x00000006c056d1c8,0x00000006cab00000)
 Metaspace       used 20509K, capacity 21156K, committed 21248K, reserved 1067008K
  class space    used 2642K, capacity 2782K, committed 2816K, reserved 1048576K
Event: 23.373 GC heap after
Heap after GC invocations=6 (full 0):
 PSYoungGen      total 273920K, used 12480K [0x000000076ab00000, 0x000000077ca00000, 0x00000007c0000000)
  eden space 260096K, 0% used [0x000000076ab00000,0x000000076ab00000,0x000000077a900000)
  from space 13824K, 90% used [0x000000077b880000,0x000000077c4b01f8,0x000000077c600000)
  to   space 15872K, 0% used [0x000000077a900000,0x000000077a900000,0x000000077b880000)
 ParOldGen       total 175104K, used 9160K [0x00000006c0000000, 0x00000006cab00000, 0x000000076ab00000)
  object space 175104K, 5% used [0x00000006c0000000,0x00000006c08f21d8,0x00000006cab00000)
 Metaspace       used 20509K, capacity 21156K, committed 21248K, reserved 1067008K
  class space    used 2642K, capacity 2782K, committed 2816K, reserved 1048576K
}
Event: 23.373 GC heap before
{Heap before GC invocations=7 (full 1):
 PSYoungGen      total 273920K, used 12480K [0x000000076ab00000, 0x000000077ca00000, 0x00000007c0000000)
  eden space 260096K, 0% used [0x000000076ab00000,0x000000076ab00000,0x000000077a900000)
  from space 13824K, 90% used [0x000000077b880000,0x000000077c4b01f8,0x000000077c600000)
  to   space 15872K, 0% used [0x000000077a900000,0x000000077a900000,0x000000077b880000)
 ParOldGen       total 175104K, used 9160K [0x00000006c0000000, 0x00000006cab00000, 0x000000076ab00000)
  object space 175104K, 5% used [0x00000006c0000000,0x00000006c08f21d8,0x00000006cab00000)
 Metaspace       used 20509K, capacity 21156K, committed 21248K, reserved 1067008K
  class space    used 2642K, capacity 2782K, committed 2816K, reserved 1048576K
Event: 23.424 GC heap after
Heap after GC invocations=7 (full 1):
 PSYoungGen      total 273920K, used 0K [0x000000076ab00000, 0x000000077ca00000, 0x00000007c0000000)
  eden space 260096K, 0% used [0x000000076ab00000,0x000000076ab00000,0x000000077a900000)
  from space 13824K, 0% used [0x000000077b880000,0x000000077b880000,0x000000077c600000)
  to   space 15872K, 0% used [0x000000077a900000,0x000000077a900000,0x000000077b880000)
 ParOldGen       total 85504K, used 13441K [0x00000006c0000000, 0x00000006c5380000, 0x000000076ab00000)
  object space 85504K, 15% used [0x00000006c0000000,0x00000006c0d204d0,0x00000006c5380000)
 Metaspace       used 20508K, capacity 21154K, committed 21248K, reserved 1067008K
  class space    used 2641K, capacity 2781K, committed 2816K, reserved 1048576K
}

