# JRE version: Java(TM) SE Runtime Environment (8.0_25-b17) (build 1.8.0_25-b17)
# Java VM: Java HotSpot(TM) 64-Bit Server VM (25.25-b02 mixed mode bsd-amd64 compressed oops)
Heap:
 PSYoungGen      total 141824K, used 97560K [0x000000076ab00000, 0x000000077bd00000, 0x00000007c0000000)
  eden space 131072K, 74% used [0x000000076ab00000,0x0000000770a46300,0x0000000772b00000)
  from space 10752K, 0% used [0x0000000772b00000,0x0000000772b00000,0x0000000773580000)
  to   space 9216K, 0% used [0x000000077b400000,0x000000077b400000,0x000000077bd00000)
 ParOldGen       total 80384K, used 7982K [0x00000006c0000000, 0x00000006c4e80000, 0x000000076ab00000)
  object space 80384K, 9% used [0x00000006c0000000,0x00000006c07cbb28,0x00000006c4e80000)
 Metaspace       used 22949K, capacity 24004K, committed 24192K, reserved 1071104K
  class space    used 3144K, capacity 3342K, committed 3456K, reserved 1048576K
GC Heap History (10 events):
Event: 1.902 GC heap before
{Heap before GC invocations=2 (full 0):
 PSYoungGen      total 76288K, used 74549K [0x000000076ab00000, 0x0000000770000000, 0x00000007c0000000)
  eden space 65536K, 99% used [0x000000076ab00000,0x000000076eaf9048,0x000000076eb00000)
  from space 10752K, 84% used [0x000000076eb00000,0x000000076f3d4560,0x000000076f580000)
  to   space 10752K, 0% used [0x000000076f580000,0x000000076f580000,0x0000000770000000)
 ParOldGen       total 175104K, used 102K [0x00000006c0000000, 0x00000006cab00000, 0x000000076ab00000)
  object space 175104K, 0% used [0x00000006c0000000,0x00000006c0019a98,0x00000006cab00000)
 Metaspace       used 19845K, capacity 20730K, committed 20992K, reserved 1067008K
  class space    used 2854K, capacity 3003K, committed 3072K, reserved 1048576K
Event: 1.910 GC heap after
Heap after GC invocations=2 (full 0):
 PSYoungGen      total 76288K, used 7683K [0x000000076ab00000, 0x0000000774000000, 0x00000007c0000000)
  eden space 65536K, 0% used [0x000000076ab00000,0x000000076ab00000,0x000000076eb00000)
  from space 10752K, 71% used [0x000000076f580000,0x000000076fd00e00,0x0000000770000000)
  to   space 10752K, 0% used [0x000000076eb00000,0x000000076eb00000,0x000000076f580000)
 ParOldGen       total 175104K, used 110K [0x00000006c0000000, 0x00000006cab00000, 0x000000076ab00000)
  object space 175104K, 0% used [0x00000006c0000000,0x00000006c001ba98,0x00000006cab00000)
 Metaspace       used 19845K, capacity 20730K, committed 20992K, reserved 1067008K
  class space    used 2854K, capacity 3003K, committed 3072K, reserved 1048576K
}
Event: 1.929 GC heap before
{Heap before GC invocations=3 (full 0):
 PSYoungGen      total 76288K, used 73199K [0x000000076ab00000, 0x0000000774000000, 0x00000007c0000000)
  eden space 65536K, 99% used [0x000000076ab00000,0x000000076eafae60,0x000000076eb00000)
  from space 10752K, 71% used [0x000000076f580000,0x000000076fd00e00,0x0000000770000000)
  to   space 10752K, 0% used [0x000000076eb00000,0x000000076eb00000,0x000000076f580000)
 ParOldGen       total 175104K, used 110K [0x00000006c0000000, 0x00000006cab00000, 0x000000076ab00000)
  object space 175104K, 0% used [0x00000006c0000000,0x00000006c001ba98,0x00000006cab00000)
 Metaspace       used 19878K, capacity 20730K, committed 20992K, reserved 1067008K
  class space    used 2858K, capacity 3003K, committed 3072K, reserved 1048576K
Event: 1.934 GC heap after
Heap after GC invocations=3 (full 0):
 PSYoungGen      total 76288K, used 7787K [0x000000076ab00000, 0x0000000774000000, 0x00000007c0000000)
  eden space 65536K, 0% used [0x000000076ab00000,0x000000076ab00000,0x000000076eb00000)
  from space 10752K, 72% used [0x000000076eb00000,0x000000076f29ac58,0x000000076f580000)
  to   space 10752K, 0% used [0x0000000773580000,0x0000000773580000,0x0000000774000000)
 ParOldGen       total 175104K, used 118K [0x00000006c0000000, 0x00000006cab00000, 0x000000076ab00000)
  object space 175104K, 0% used [0x00000006c0000000,0x00000006c001da98,0x00000006cab00000)
 Metaspace       used 19878K, capacity 20730K, committed 20992K, reserved 1067008K
  class space    used 2858K, capacity 3003K, committed 3072K, reserved 1048576K
}
Event: 1.949 GC heap before
{Heap before GC invocations=4 (full 0):
 PSYoungGen      total 76288K, used 73239K [0x000000076ab00000, 0x0000000774000000, 0x00000007c0000000)
  eden space 65536K, 99% used [0x000000076ab00000,0x000000076eaeb0b0,0x000000076eb00000)
  from space 10752K, 72% used [0x000000076eb00000,0x000000076f29ac58,0x000000076f580000)
  to   space 10752K, 0% used [0x0000000773580000,0x0000000773580000,0x0000000774000000)
 ParOldGen       total 175104K, used 118K [0x00000006c0000000, 0x00000006cab00000, 0x000000076ab00000)
  object space 175104K, 0% used [0x00000006c0000000,0x00000006c001da98,0x00000006cab00000)
 Metaspace       used 19959K, capacity 20806K, committed 20992K, reserved 1067008K
  class space    used 2867K, capacity 3005K, committed 3072K, reserved 1048576K
Event: 1.957 GC heap after
Heap after GC invocations=4 (full 0):
 PSYoungGen      total 141824K, used 7763K [0x000000076ab00000, 0x0000000774000000, 0x00000007c0000000)
  eden space 131072K, 0% used [0x000000076ab00000,0x000000076ab00000,0x0000000772b00000)
  from space 10752K, 72% used [0x0000000773580000,0x0000000773d14fc8,0x0000000774000000)
  to   space 10752K, 0% used [0x0000000772b00000,0x0000000772b00000,0x0000000773580000)
 ParOldGen       total 175104K, used 126K [0x00000006c0000000, 0x00000006cab00000, 0x000000076ab00000)
  object space 175104K, 0% used [0x00000006c0000000,0x00000006c001fa98,0x00000006cab00000)
 Metaspace       used 19959K, capacity 20806K, committed 20992K, reserved 1067008K
  class space    used 2867K, capacity 3005K, committed 3072K, reserved 1048576K
}
Event: 2.160 GC heap before
{Heap before GC invocations=5 (full 0):
 PSYoungGen      total 141824K, used 76909K [0x000000076ab00000, 0x0000000774000000, 0x00000007c0000000)
  eden space 131072K, 52% used [0x000000076ab00000,0x000000076ee86758,0x0000000772b00000)
  from space 10752K, 72% used [0x0000000773580000,0x0000000773d14fc8,0x0000000774000000)
  to   space 10752K, 0% used [0x0000000772b00000,0x0000000772b00000,0x0000000773580000)
 ParOldGen       total 175104K, used 126K [0x00000006c0000000, 0x00000006cab00000, 0x000000076ab00000)
  object space 175104K, 0% used [0x00000006c0000000,0x00000006c001fa98,0x00000006cab00000)
 Metaspace       used 20345K, capacity 21158K, committed 21248K, reserved 1067008K
  class space    used 2899K, capacity 3037K, committed 3072K, reserved 1048576K
Event: 2.168 GC heap after
Heap after GC invocations=5 (full 0):
 PSYoungGen      total 141824K, used 8103K [0x000000076ab00000, 0x000000077bd00000, 0x00000007c0000000)
  eden space 131072K, 0% used [0x000000076ab00000,0x000000076ab00000,0x0000000772b00000)
  from space 10752K, 75% used [0x0000000772b00000,0x00000007732e9d90,0x0000000773580000)
  to   space 9216K, 0% used [0x000000077b400000,0x000000077b400000,0x000000077bd00000)
 ParOldGen       total 175104K, used 134K [0x00000006c0000000, 0x00000006cab00000, 0x000000076ab00000)
  object space 175104K, 0% used [0x00000006c0000000,0x00000006c0021a98,0x00000006cab00000)
 Metaspace       used 20345K, capacity 21158K, committed 21248K, reserved 1067008K
  class space    used 2899K, capacity 3037K, committed 3072K, reserved 1048576K
}
Event: 2.169 GC heap before
{Heap before GC invocations=6 (full 1):
 PSYoungGen      total 141824K, used 8103K [0x000000076ab00000, 0x000000077bd00000, 0x00000007c0000000)
  eden space 131072K, 0% used [0x000000076ab00000,0x000000076ab00000,0x0000000772b00000)
  from space 10752K, 75% used [0x0000000772b00000,0x00000007732e9d90,0x0000000773580000)
  to   space 9216K, 0% used [0x000000077b400000,0x000000077b400000,0x000000077bd00000)
 ParOldGen       total 175104K, used 134K [0x00000006c0000000, 0x00000006cab00000, 0x000000076ab00000)
  object space 175104K, 0% used [0x00000006c0000000,0x00000006c0021a98,0x00000006cab00000)
 Metaspace       used 20345K, capacity 21158K, committed 21248K, reserved 1067008K
  class space    used 2899K, capacity 3037K, committed 3072K, reserved 1048576K
Event: 2.203 GC heap after
Heap after GC invocations=6 (full 1):
 PSYoungGen      total 141824K, used 0K [0x000000076ab00000, 0x000000077bd00000, 0x00000007c0000000)
  eden space 131072K, 0% used [0x000000076ab00000,0x000000076ab00000,0x0000000772b00000)
  from space 10752K, 0% used [0x0000000772b00000,0x0000000772b00000,0x0000000773580000)
  to   space 9216K, 0% used [0x000000077b400000,0x000000077b400000,0x000000077bd00000)
 ParOldGen       total 80384K, used 7982K [0x00000006c0000000, 0x00000006c4e80000, 0x000000076ab00000)
  object space 80384K, 9% used [0x00000006c0000000,0x00000006c07cbb28,0x00000006c4e80000)
 Metaspace       used 20344K, capacity 21156K, committed 21248K, reserved 1067008K
  class space    used 2899K, capacity 3036K, committed 3072K, reserved 1048576K
}

